[2025-09-16T03:36:49.913+0000] {manager.py:483} INFO - Processing files using up to 2 processes at a time 
[2025-09-16T03:36:49.913+0000] {manager.py:484} INFO - Process each file at most once every 30 seconds
[2025-09-16T03:36:49.913+0000] {manager.py:485} INFO - Checking for new files in /opt/airflow/dags every 300 seconds
[2025-09-16T03:36:49.913+0000] {manager.py:821} INFO - Searching for files in /opt/airflow/dags
[2025-09-16T03:36:49.914+0000] {manager.py:824} INFO - There are 0 files in /opt/airflow/dags
[2025-09-16T03:38:28.136+0000] {manager.py:465} INFO - Exiting gracefully upon receiving signal 15
[2025-09-16T03:39:53.675+0000] {manager.py:483} INFO - Processing files using up to 2 processes at a time 
[2025-09-16T03:39:53.675+0000] {manager.py:484} INFO - Process each file at most once every 30 seconds
[2025-09-16T03:39:53.676+0000] {manager.py:485} INFO - Checking for new files in /opt/airflow/dags every 300 seconds
[2025-09-16T03:39:53.676+0000] {manager.py:821} INFO - Searching for files in /opt/airflow/dags
[2025-09-16T03:39:53.676+0000] {manager.py:824} INFO - There are 0 files in /opt/airflow/dags
[2025-09-16T03:44:53.704+0000] {manager.py:821} INFO - Searching for files in /opt/airflow/dags
[2025-09-16T03:44:53.706+0000] {manager.py:824} INFO - There are 0 files in /opt/airflow/dags
[2025-09-16T03:49:54.700+0000] {manager.py:821} INFO - Searching for files in /opt/airflow/dags
[2025-09-16T03:49:54.702+0000] {manager.py:824} INFO - There are 0 files in /opt/airflow/dags
[2025-09-16T03:51:09.026+0000] {manager.py:465} INFO - Exiting gracefully upon receiving signal 15
[2025-09-16T03:53:13.935+0000] {manager.py:483} INFO - Processing files using up to 2 processes at a time 
[2025-09-16T03:53:13.935+0000] {manager.py:484} INFO - Process each file at most once every 30 seconds
[2025-09-16T03:53:13.935+0000] {manager.py:485} INFO - Checking for new files in /opt/airflow/dags every 300 seconds
[2025-09-16T03:53:13.935+0000] {manager.py:821} INFO - Searching for files in /opt/airflow/dags
[2025-09-16T03:53:13.936+0000] {manager.py:824} INFO - There are 0 files in /opt/airflow/dags
[2025-09-16T03:55:32.059+0000] {manager.py:465} INFO - Exiting gracefully upon receiving signal 15
